<?xml version="1.0" encoding="UTF-8"?>
<testng-results skipped="0" failed="0" ignored="0" total="1" passed="1">
  <reporter-output>
  </reporter-output>
  <suite name="Default suite" duration-ms="30538" started-at="2018-05-17T05:36:25Z" finished-at="2018-05-17T05:36:56Z">
    <groups>
    </groups>
    <test name="Default test" duration-ms="30538" started-at="2018-05-17T05:36:25Z" finished-at="2018-05-17T05:36:56Z">
      <class name="test.tests.GeneralFlow">
        <test-method status="PASS" signature="Login()[pri:0, instance:test.tests.GeneralFlow@458ad742]" name="Login" is-config="true" duration-ms="17551" started-at="2018-05-17T11:21:25Z" finished-at="2018-05-17T11:21:43Z">
          <reporter-output>
          </reporter-output>
        </test-method> <!-- Login -->
        <test-method status="PASS" signature="GeneralFlowForTesting()[pri:0, instance:test.tests.GeneralFlow@458ad742]" name="GeneralFlowForTesting" duration-ms="11994" started-at="2018-05-17T11:21:43Z" finished-at="2018-05-17T11:21:55Z">
          <reporter-output>
          </reporter-output>
        </test-method> <!-- GeneralFlowForTesting -->
        <test-method status="PASS" signature="BrowserExit()[pri:0, instance:test.tests.GeneralFlow@458ad742]" name="BrowserExit" is-config="true" duration-ms="968" started-at="2018-05-17T11:21:55Z" finished-at="2018-05-17T11:21:56Z">
          <reporter-output>
          </reporter-output>
        </test-method> <!-- BrowserExit -->
      </class> <!-- test.tests.GeneralFlow -->
    </test> <!-- Default test -->
  </suite> <!-- Default suite -->
</testng-results>
